(2,3) complete_graph(N): 0.000178
(4,10) complete_graph(N): 6e-06
(8,36) complete_graph(N): 7e-06
(16,136) complete_graph(N): 1.9e-05
(32,528) complete_graph(N): 8e-05
(64,2080) complete_graph(N): 0.000193
(128,8256) complete_graph(N): 0.000776
(256,32896) complete_graph(N): 0.002422
(512,131328) complete_graph(N): 0.018071
(2,3)	dijkstra(N): 4e-06
(4,10)	dijkstra(N): 2e-06
(8,36)	dijkstra(N): 5e-06
(16,136)	dijkstra(N): 8e-06
(32,528)	dijkstra(N): 3e-05
(64,2080)	dijkstra(N): 0.000105
(128,8256)	dijkstra(N): 0.000415
(256,32896)	dijkstra(N): 0.001607
(512,131328)	dijkstra(N): 0.007056
(2,1) complete_graph(N): 5.4e-05
(4,3) complete_graph(N): 8e-06
(8,7) complete_graph(N): 7e-06
(16,15) complete_graph(N): 8e-06
(32,31) complete_graph(N): 6.3e-05
(64,63) complete_graph(N): 5.3e-05
(128,127) complete_graph(N): 0.000258
(256,255) complete_graph(N): 0.001094
(512,511) complete_graph(N): 0.002811
(2,1)	dijkstra(N): 2e-06
(4,3)	dijkstra(N): 3e-06
(8,7)	dijkstra(N): 3e-06
(16,15)	dijkstra(N): 5e-06
(32,31)	dijkstra(N): 1.9e-05
(64,63)	dijkstra(N): 6.9e-05
(128,127)	dijkstra(N): 0.000197
(256,255)	dijkstra(N): 0.000827
(512,511)	dijkstra(N): 0.003633
(2,1) complete_graph(N): 2.6e-05
(4,3) complete_graph(N): 5e-06
(8,7) complete_graph(N): 5e-06
(16,15) complete_graph(N): 7e-06
(32,31) complete_graph(N): 2.9e-05
(64,63) complete_graph(N): 7.7e-05
(128,127) complete_graph(N): 0.000119
(256,255) complete_graph(N): 0.000409
(512,511) complete_graph(N): 0.001333
(2,1)	dijkstra(N): 3e-06
(4,3)	dijkstra(N): 1e-06
(8,7)	dijkstra(N): 3e-06
(16,15)	dijkstra(N): 4e-06
(32,31)	dijkstra(N): 1.3e-05
(64,63)	dijkstra(N): 4.8e-05
(128,127)	dijkstra(N): 0.000156
(256,255)	dijkstra(N): 0.000715
(512,511)	dijkstra(N): 0.003123
