(2,3) complete_graph(N): 6.5e-05
(4,10) complete_graph(N): 1.1e-05
(8,36) complete_graph(N): 3.8e-05
(16,136) complete_graph(N): 0.000211
(32,528) complete_graph(N): 0.00182
(64,2080) complete_graph(N): 0.018011
(2,3)	dijkstra(N): 4e-06
(4,10)	dijkstra(N): 3e-06
(8,36)	dijkstra(N): 1.1e-05
(16,136)	dijkstra(N): 9.8e-05
(32,528)	dijkstra(N): 0.001147
(64,2080)	dijkstra(N): 0.010572
(2,1) complete_graph(N): 2e-05
(4,3) complete_graph(N): 4e-06
(8,7) complete_graph(N): 4e-06
(16,15) complete_graph(N): 9e-06
(32,31) complete_graph(N): 2.5e-05
(64,63) complete_graph(N): 3.2e-05
(2,1)	dijkstra(N): 2e-06
(4,3)	dijkstra(N): 2e-06
(8,7)	dijkstra(N): 2e-06
(16,15)	dijkstra(N): 3e-06
(32,31)	dijkstra(N): 1.7e-05
(64,63)	dijkstra(N): 3.3e-05
(2,1) complete_graph(N): 3e-06
(4,3) complete_graph(N): 6e-06
(8,7) complete_graph(N): 4e-06
(16,15) complete_graph(N): 7e-06
(32,31) complete_graph(N): 1.5e-05
(64,63) complete_graph(N): 2.6e-05
(2,1)	dijkstra(N): 1e-06
(4,3)	dijkstra(N): 1e-06
(8,7)	dijkstra(N): 1e-06
(16,15)	dijkstra(N): 1e-06
(32,31)	dijkstra(N): 3e-06
(64,63)	dijkstra(N): 5e-06
