(2,3) complete_graph(N): 8.6e-05
(4,10) complete_graph(N): 8e-06
(8,36) complete_graph(N): 9e-06
(16,136) complete_graph(N): 2.2e-05
(32,528) complete_graph(N): 7.4e-05
(64,2080) complete_graph(N): 0.000249
(128,8256) complete_graph(N): 0.001023
(256,32896) complete_graph(N): 0.003989
(512,131328) complete_graph(N): 0.021915
(2,3)	dijkstra(N): 4e-06
(4,10)	dijkstra(N): 3e-06
(8,36)	dijkstra(N): 4e-06
(16,136)	dijkstra(N): 1.4e-05
(32,528)	dijkstra(N): 4.1e-05
(64,2080)	dijkstra(N): 0.000152
(128,8256)	dijkstra(N): 0.000494
(256,32896)	dijkstra(N): 0.001474
(512,131328)	dijkstra(N): 0.00461
(2,1) complete_graph(N): 2.3e-05
(4,3) complete_graph(N): 1.3e-05
(8,7) complete_graph(N): 6e-06
(16,15) complete_graph(N): 9e-06
(32,31) complete_graph(N): 1.8e-05
(64,63) complete_graph(N): 4.6e-05
(128,127) complete_graph(N): 0.000174
(256,255) complete_graph(N): 0.000488
(512,511) complete_graph(N): 0.001855
(2,1)	dijkstra(N): 4e-06
(4,3)	dijkstra(N): 3e-06
(8,7)	dijkstra(N): 3e-06
(16,15)	dijkstra(N): 2e-06
(32,31)	dijkstra(N): 1e-05
(64,63)	dijkstra(N): 4.5e-05
(128,127)	dijkstra(N): 0.000143
(256,255)	dijkstra(N): 0.000449
(512,511)	dijkstra(N): 0.001297
(2,1) complete_graph(N): 8.7e-05
(4,3) complete_graph(N): 7e-06
(8,7) complete_graph(N): 5.3e-05
(16,15) complete_graph(N): 8e-06
(32,31) complete_graph(N): 2.1e-05
(64,63) complete_graph(N): 5.7e-05
(128,127) complete_graph(N): 0.000204
(256,255) complete_graph(N): 0.00088
(512,511) complete_graph(N): 0.004182
(2,1)	dijkstra(N): 1.2e-05
(4,3)	dijkstra(N): 3e-06
(8,7)	dijkstra(N): 4e-06
(16,15)	dijkstra(N): 5e-06
(32,31)	dijkstra(N): 5e-06
(64,63)	dijkstra(N): 8e-06
(128,127)	dijkstra(N): 4.5e-05
(256,255)	dijkstra(N): 8e-05
(512,511)	dijkstra(N): 0.000206
